Perfect. Let me now provide you with a summary of the current status:

## Summary

**Inbox Status:** ✅ All tasks are complete

The inbox is currently empty except for `QUESTIONS.md`. All previous tasks have been completed and moved to `inbox/done/`:
- `fix_auth_headers_v1.md` - Fixed auth headers bug in dashboard
- `complete_build.md` - Completed build tasks

**Current Situation:**

1. **All development work is complete** - No pending bug reports or feature requests in the inbox
2. **Local commits are ready** - All changes have been committed locally (latest commit: `f940b04`)
3. **Push blocked by authentication** - Cannot push to GitHub due to missing authentication

**The blocker:**

Git push fails with: `fatal: could not read Username for 'https://github.com': No such device or address`

This requires manual intervention to set up authentication. Three options are documented in `inbox/QUESTIONS.md`:

1. **GitHub CLI** (recommended): Run `gh auth login` then push
2. **Git credentials**: Configure credential helper and provide GitHub personal access token
3. **SSH**: Switch remote URL to SSH and use SSH keys

**What I did in this session:**
- Committed new build logs (`build_2026-04-01_1409.log`, `build_2026-04-01_1414.log`)
- Updated `QUESTIONS.md` with the latest commit reference

All development work is complete. The only remaining action is to authenticate with GitHub and push the local commits to the remote repository.
