## Summary

All inbox tasks have been completed. Here's the current status:

### Inbox Status
- **Active tasks:** 0 (all completed)
- **Completed tasks:** 2 (in inbox/done/)
  - complete_build.md - Initial app build
  - fix_auth_headers_v1.md - Auth headers bug fix

### Git Status
- **Working tree:** Clean
- **Branch:** master
- **Local commits ready to push:** 10 commits total

Latest commits created in this session:
- `c727446` - Update QUESTIONS.md with latest commit
- `6406e53` - Add latest build logs from development session

### Outstanding Issue
Git push authentication is not configured. The commits are ready but cannot be pushed to GitHub because:
- GitHub CLI (`gh`) is not authenticated
- No git credential helper is configured
- Remote uses HTTPS: https://github.com/cletcher/chaprola-fitlog.git

The issue is documented in inbox/QUESTIONS.md with three resolution options. This requires manual intervention to authenticate either via:
1. `gh auth login` (recommended)
2. Git credential helper configuration
3. Switching to SSH authentication

All development work is complete and committed locally. The authentication setup needs to be done interactively by the user.
