As expected, the git push failed due to authentication. This is documented in the QUESTIONS.md file and requires manual resolution from the user. Let me provide a summary of the current status:

## Summary

**Inbox Status:** ✅ All tasks complete!

All tasks in the inbox have been processed and moved to `inbox/done/`. The only remaining item is documented in `inbox/QUESTIONS.md`:

### Git Push Authentication Issue

The repository has local commits ready to push, but git push fails with:
```
fatal: could not read Username for 'https://github.com': No such device or address
```

**Latest commits ready to push:**
- `be02f33` - Update QUESTIONS.md with latest commit
- `b7d2b3e` - Add latest build logs from current session
- Plus ~40+ previous commits from completed work

**Resolution options (requires manual action):**

1. **Use GitHub CLI (recommended):**
   ```bash
   gh auth login
   git push -u origin master
   ```

2. **Configure git credentials:**
   ```bash
   git config credential.helper store
   git push -u origin master
   ```

3. **Switch to SSH:**
   ```bash
   git remote set-url origin git@github.com:cletcher/chaprola-fitlog.git
   git push -u origin master
   ```

All development work is complete - the repository just needs authentication configured to push the commits to GitHub.
