Perfect! There are no pending tasks in the inbox - all tasks have been completed and moved to the `done/` folder. The only remaining issue is the git push authentication, which requires manual intervention.

Let me provide a summary of the current state:

## Summary

All inbox tasks have been **completed**:

1. ✅ `complete_build.md` - Completed and moved to `inbox/done/`
2. ✅ `fix_auth_headers_v1.md` - Completed and moved to `inbox/done/`

### Current Status

- **All code fixes:** Complete
- **All compilations:** Complete  
- **All deployments:** Complete
- **Local commits:** Ready (2 new commits created: a3a9fec, b12357b)
- **Git push:** Blocked - requires manual authentication

### Authentication Issue

The git push is blocked because:
- GitHub CLI (`gh`) is installed but not authenticated
- No git credential helper is configured
- The remote uses HTTPS authentication

### Required Manual Action

To push the commits, you need to authenticate using one of these methods:

**Option 1 (Recommended):** GitHub CLI
```bash
gh auth login
git push -u origin master
```

**Option 2:** Git credentials
```bash
git config credential.helper store
git push -u origin master
# Enter GitHub username and personal access token when prompted
```

**Option 3:** Switch to SSH
```bash
git remote set-url origin git@github.com:cletcher/chaprola-fitlog.git
git push -u origin master
```

All development work is complete. The application is deployed and functional at the live URLs. Only the git push step requires your manual authentication.
