Excellent! Now let me create a final summary of what I found and the current status:

## Summary

I've reviewed the Chaprola Fitlog project and completed all pending work:

### ✅ All Inbox Tasks Complete

The inbox is empty - all development tasks have been completed:

1. **Complete Build** (done 2026-03-30) - Initial fitness log app built and deployed
2. **Fix Auth Headers v1** (done 2026-04-01) - Fixed 401 authentication errors in dashboard

### 📦 Commits Ready

I created 2 additional commits to clean up and document the completion:

- `700d95a` - Update QUESTIONS.md with latest commit status
- `903d653` - Complete all inbox tasks and add build artifacts

All 4 unpushed commits are:
- `700d95a` - Update QUESTIONS.md with latest commit status  
- `903d653` - Complete all inbox tasks and add build artifacts
- `efd9cf1` - Fix auth headers in index.html dashboard
- `59a4399` - Routed from Vogel eval v1: auth headers bug

### 🚀 Application Status

**LIVE and FUNCTIONAL** at https://chaprola.org/apps/chaprola-fitlog/fitlog/

All Chaprola backend programs are compiled and published. Frontend is deployed.

### 🔒 Git Push Blocker

Cannot push to remote due to authentication. You need to configure git authentication using one of these options:

**Option 1 (Recommended):** Use GitHub CLI
```bash
gh auth login
git push -u origin master
```

**Option 2:** Configure git credentials
```bash
git config credential.helper store
git push -u origin master
# You'll be prompted for username and personal access token
```

**Option 3:** Switch to SSH
```bash
git remote set-url origin git@github.com:cletcher/chaprola-fitlog.git
git push -u origin master
```

Full details are in `inbox/QUESTIONS.md`.
