No credential helper is configured. Since I have full authority but cannot install software or configure authentication (as that requires user credentials), let me document the final status and provide a summary.

## Summary

All inbox tasks have been **completed**. There are no pending tasks in the inbox directory - all task files have been moved to `inbox/done/` with corresponding summary files.

### Current Status:
- ✅ All bug fixes and features implemented
- ✅ Code changes committed locally
- ✅ Build logs added and committed
- ⚠️ **Push blocked** - Authentication required

### Commits Ready to Push:
The following commits are ready to be pushed to the remote repository:
- `f773b43` - Update QUESTIONS.md with latest commit (just created)
- `8ba3dab` - Add latest build logs from current session (just created)
- Plus 28 previous commits dating back to the initial work

### Blocking Issue:
Git push requires authentication. Three options are documented in `inbox/QUESTIONS.md`:

1. **GitHub CLI** (recommended): Run `gh auth login` then `git push`
2. **Git credentials**: Configure credential helper and provide PAT
3. **SSH**: Configure SSH keys and switch remote URL

Since I cannot configure authentication without your credentials, you'll need to choose one of these options and run the push manually.

All development work is complete and committed locally. The repository is ready to push once authentication is configured.
