Perfect! Let me provide you with a summary:

## Task Processing Complete ✓

**Status:** All inbox tasks have been completed in previous sessions.

### Current State:
- **Inbox:** Empty (no pending tasks)
- **Completed Tasks:** 2 tasks in `inbox/done/`
  - `complete_build.md` - Build system setup
  - `fix_auth_headers_v1.md` - Authentication headers fix

### Commits Made This Session:
1. `50f3182` - Add latest build logs from current session
2. `2c4b165` - Update QUESTIONS.md with latest commit

### Remaining Action Required:
**Git push requires manual authentication setup.** The repository has many local commits ready to push but cannot authenticate automatically. You need to choose one of these options:

**Option 1 (Recommended): GitHub CLI**
```bash
gh auth login
git push -u origin master
```

**Option 2: Git credential helper**
```bash
git config credential.helper store
git push -u origin master
```

**Option 3: Switch to SSH**
```bash
git remote set-url origin git@github.com:cletcher/chaprola-fitlog.git
git push -u origin master
```

All development work is complete. The authentication issue is documented in `inbox/QUESTIONS.md` for your manual resolution.
