As expected, the push failed due to authentication. Let me create a comprehensive summary of the current state:

## Summary

All inbox tasks have been **completed** and moved to `inbox/done/`. There are no pending tasks to process.

### Current Status

✅ **All inbox tasks completed**
- Previous tasks have been fixed, tested, and moved to `inbox/done/`
- Build logs from this session have been committed

### Commits Ready to Push

I've created 2 new commits:
- `af137a2` - Update QUESTIONS.md with latest commit
- `38b06bd` - Add latest build logs from current session

These are added to the 52 existing unpushed commits documented in `inbox/QUESTIONS.md`.

### Blocking Issue: Git Push Authentication

The repository cannot push to GitHub because authentication is not configured. This requires manual user action.

**Action Required:** You need to authenticate git push access by choosing one of these options:

1. **GitHub CLI** (recommended):
   ```bash
   gh auth login
   git push -u origin master
   ```

2. **Git credential helper**:
   ```bash
   git config credential.helper store
   git push -u origin master
   # Enter your GitHub username and personal access token when prompted
   ```

3. **SSH** (if you have SSH keys configured):
   ```bash
   git remote set-url origin git@github.com:cletcher/chaprola-fitlog.git
   git push -u origin master
   ```

All development work is complete and committed locally. Once you configure authentication, you can push all 54 commits to GitHub with a single `git push -u origin master` command.
