Perfect! Let me create a summary of the current status:

## Summary

All inbox tasks have been completed successfully. The inbox is now empty of actionable tasks.

### Current Status:
- **Inbox tasks:** 0 pending (all complete)
- **Completed tasks:** All previous tasks in `inbox/done/`
- **Local commits:** 3 new commits ready to push
  - `38b5982` - Update QUESTIONS.md with latest commit
  - `6fc2cb1` - Update QUESTIONS.md with latest commit  
  - `a0b4399` - Add latest build logs from current session

### Blocking Issue:
Git push requires authentication. The repository uses HTTPS (`https://github.com/cletcher/chaprola-fitlog.git`) but no credential helper is configured.

### Resolution Options:
You need to authenticate to push the commits. Choose one of these options:

**Option 1: GitHub CLI (recommended)**
```bash
gh auth login
git push -u origin master
```

**Option 2: Git credential helper**
```bash
git config credential.helper store
git push -u origin master
```

**Option 3: Switch to SSH**
```bash
git remote set-url origin git@github.com:cletcher/chaprola-fitlog.git
git push -u origin master
```

All development work is complete and committed locally. Once you authenticate, run `git push -u origin master` to sync with GitHub.
