Perfect! I've completed the review of the inbox. Here's the summary:

## Inbox Status: ALL TASKS COMPLETE ✓

**Current State:**
- No pending tasks in inbox/
- All completed tasks are documented in inbox/done/
- Working directory is clean
- Latest commits added:
  - `cf52e34` - Update QUESTIONS.md with latest commit
  - `94abb16` - Add latest build logs from current session

**Outstanding Issue:**
The only blocker is **git push authentication** - all code changes are complete and committed locally, but cannot be pushed to GitHub due to missing authentication configuration.

**Manual Action Required:**
You need to set up GitHub authentication using one of these methods:

1. **GitHub CLI (Recommended):**
   ```bash
   gh auth login
   git push -u origin master
   ```

2. **Git credential helper:**
   ```bash
   git config credential.helper store
   git push -u origin master
   ```

3. **Switch to SSH:**
   ```bash
   git remote set-url origin git@github.com:cletcher/chaprola-fitlog.git
   git push -u origin master
   ```

All development work is complete. Once you configure authentication, you can push all the pending commits to GitHub.
