Perfect! All inbox tasks are complete and the working tree is clean. The issue is that I cannot push to GitHub because authentication is not configured. According to the QUESTIONS.md file, this requires manual intervention - the user needs to authenticate either via GitHub CLI, configure git credentials, or switch to SSH.

Let me create a summary of the current state:

## Summary

All inbox tasks have been **COMPLETED**. The repository is in a clean state with all changes committed locally.

**Current Status:**
- Working tree: Clean
- All tasks from inbox: Completed and moved to inbox/done/
- Latest commits: 
  - `354c481` - Update QUESTIONS.md with latest commit
  - `b285593` - Add latest build logs from current session

**Blocking Issue:**
Git push authentication is not configured. The commits are ready but cannot be pushed to GitHub.

**Required Action (Manual):**
You need to authenticate with GitHub. Choose one option:

1. **GitHub CLI (Recommended):**
   ```bash
   gh auth login
   git push -u origin master
   ```

2. **Git Credentials:**
   ```bash
   git config credential.helper store
   git push -u origin master
   # You'll be prompted for GitHub username and personal access token
   ```

3. **SSH:**
   ```bash
   git remote set-url origin git@github.com:cletcher/chaprola-fitlog.git
   git push -u origin master
   ```

All development work is complete and ready to push once authentication is configured.
