As documented in QUESTIONS.md, the push fails due to authentication. This requires manual intervention from the user to set up GitHub authentication.

Let me provide a summary of the current state:

## Summary

**Inbox Status:** ✅ All tasks completed

**Current State:**
- No new tasks in inbox/
- All previous tasks have been completed and moved to inbox/done/
- Build logs from current session have been committed
- QUESTIONS.md has been updated with the latest commit (9a8715d)

**Git Status:**
- All changes are committed locally
- Ready to push once authentication is configured
- Latest commits:
  - `9a8715d` - Update QUESTIONS.md with latest commit
  - `fbf2a86` - Add latest build logs from current session

**Action Required:**
The git push is blocked due to authentication. As documented in inbox/QUESTIONS.md, you need to manually authenticate using one of these methods:

1. **GitHub CLI (recommended):**
   ```bash
   gh auth login
   git push origin master
   ```

2. **Git credential helper:**
   ```bash
   git config credential.helper store
   git push origin master
   ```

3. **Switch to SSH:**
   ```bash
   git remote set-url origin git@github.com:cletcher/chaprola-fitlog.git
   git push origin master
   ```

All code fixes, compilations, publications, and deployments have been completed. The repository is ready to push once you configure authentication.
