Perfect! Here's the summary of the current status:

## Inbox Status: ALL TASKS COMPLETE ✓

All tasks in the inbox have been completed and moved to `inbox/done/`:
- `complete_build.md` - Completed and documented
- `fix_auth_headers_v1.md` - Fixed and documented

## Current State

**Working directory:** Clean (no uncommitted changes)

**Local commits ready to push:** 10 commits including:
- `a7f3a46` - Update QUESTIONS.md with latest commit (just committed)
- `fff7233` - Add latest build logs from session (just committed)
- `c727446` - Update QUESTIONS.md with latest commit
- Plus 7 earlier commits from previous work

## Remaining Action Required

The only outstanding item is **pushing commits to GitHub**, which requires manual authentication setup. As documented in `inbox/QUESTIONS.md`, you need to choose one of these options:

**Option 1 (Recommended):** Use GitHub CLI
```bash
gh auth login
git push -u origin master
```

**Option 2:** Configure git credentials
```bash
git config credential.helper store
git push -u origin master
```

**Option 3:** Switch to SSH
```bash
git remote set-url origin git@github.com:cletcher/chaprola-fitlog.git
git push -u origin master
```

All development work is complete. The Chaprola Fitlog app has been built, fixed, compiled, published, and deployed successfully.
