Perfect! Let me provide you with a summary:

## Summary

**All inbox tasks are COMPLETE.** ✓

The inbox is empty of task files - all previous tasks have been processed and moved to `inbox/done/`:
- `complete_build.md` → Fixed and deployed
- `fix_auth_headers_v1.md` → Fixed and deployed

**Current Status:**
- Working directory is clean
- All recent build logs have been committed
- Local repository has 13 commits ready to push to GitHub

**Blocker:** Git push requires authentication setup. The system cannot authenticate to GitHub automatically. This is documented in `inbox/QUESTIONS.md` with three resolution options:

1. **Use GitHub CLI** (recommended): Run `gh auth login` then push
2. **Configure git credentials**: Set up credential helper for HTTPS
3. **Switch to SSH**: Change remote URL to SSH and push

**Next Steps:**
You need to manually authenticate git to push the commits. Once authenticated, run:
```bash
git push -u origin master
```

All development work is complete and committed locally. The only remaining action is pushing to GitHub, which requires your manual authentication.
