As expected, git push fails with authentication error. This is documented in QUESTIONS.md. Let me provide a summary of the current state:

## Summary

All inbox tasks have been **COMPLETED**. The inbox is now empty except for QUESTIONS.md.

### Current Status:
- ✅ All bug reports and feature requests in inbox/done/
- ✅ Latest build logs committed (98de351, dda39ab)
- ⚠️  **Cannot push to GitHub** - authentication required

### Commits Ready to Push:
There are 16 unpushed commits on the master branch, including:
- Latest: `dda39ab` - Update QUESTIONS.md with latest commit
- `98de351` - Add latest build logs from current session
- `6fda370` - Update QUESTIONS.md with latest commit
- And 13 more commits going back to the auth headers fix

### Blocker:
Git push requires authentication. The system cannot interactively authenticate. This is documented in `inbox/QUESTIONS.md` with three resolution options:

1. **GitHub CLI** (recommended): Run `gh auth login` then `git push`
2. **Git credentials**: Configure credential helper and provide PAT
3. **SSH**: Switch remote to SSH URL

### Next Steps:
A user with interactive terminal access needs to:
1. Authenticate using one of the methods above
2. Run `git push -u origin master` to push all 16 commits

All development work is complete and committed locally. Only the push operation remains blocked on authentication.
