Perfect! Let me now create a summary of the current state:

## Summary

**All inbox tasks have been completed!** 

### Current Status:
- ✅ All bug reports and feature requests in inbox/ have been processed
- ✅ Completed tasks moved to inbox/done/ with summaries
- ✅ Code changes committed locally
- ⏳ **Awaiting manual git push authentication setup**

### Commits Ready to Push:
I've created 2 new commits in this session:
- `a8c3e2e` - Update QUESTIONS.md with latest commit
- `3061d7f` - Add latest build logs from current session

Plus 48 previous commits from earlier sessions waiting to be pushed.

### Blocking Issue:
Git push requires authentication setup. The system has no GitHub credentials configured. You'll need to choose one of the authentication methods documented in `inbox/QUESTIONS.md`:

**Recommended:** Use GitHub CLI:
```bash
gh auth login
git push -u origin master
```

All development work is complete and committed locally. Once you authenticate with GitHub, you can push all commits with a single `git push` command.
